#
# There is insufficient memory for the Java Runtime Environment to continue.
# Native memory allocation (malloc) failed to allocate 1511216 bytes for Chunk::new
# Possible reasons:
#   The system is out of physical RAM or swap space
#   In 32 bit mode, the process size limit was hit
# Possible solutions:
#   Reduce memory load on the system
#   Increase physical memory or swap space
#   Check if swap backing store is full
#   Use 64 bit Java on a 64 bit OS
#   Decrease Java heap size (-Xmx/-Xms)
#   Decrease number of Java threads
#   Decrease Java thread stack sizes (-Xss)
#   Set larger code cache with -XX:ReservedCodeCacheSize=
# This output file may be truncated or incomplete.
#
#  Out of Memory Error (allocation.cpp:390), pid=23412, tid=0x0000000000005558
#
# JRE version: Java(TM) SE Runtime Environment (8.0_161-b12) (build 1.8.0_161-b12)
# Java VM: Java HotSpot(TM) 64-Bit Server VM (25.161-b12 mixed mode windows-amd64 compressed oops)
# Failed to write core dump. Minidumps are not enabled by default on client versions of Windows
#

---------------  T H R E A D  ---------------

Current thread (0x00000000229c2800):  JavaThread "C2 CompilerThread0" daemon [_thread_in_native, id=21848, stack(0x0000000023f70000,0x0000000024070000)]

Stack: [0x0000000023f70000,0x0000000024070000]
[error occurred during error reporting (printing stack bounds), id 0xc0000005]

Native frames: (J=compiled Java code, j=interpreted, Vv=VM code, C=native code)


Current CompileTask:
C2:  89772 11863       4       com.sun.tools.javac.jvm.ClassWriter::writeCode (922 bytes)


---------------  P R O C E S S  ---------------

Java Threads: ( => current thread )
  0x0000000022a7f800 JavaThread "Service Thread" daemon [_thread_blocked, id=728, stack(0x0000000024370000,0x0000000024470000)]
  0x00000000229cc000 JavaThread "C1 CompilerThread3" daemon [_thread_blocked, id=8336, stack(0x0000000024270000,0x0000000024370000)]
  0x00000000229c9000 JavaThread "C2 CompilerThread2" daemon [_thread_in_native, id=27456, stack(0x0000000024170000,0x0000000024270000)]
  0x00000000229c7800 JavaThread "C2 CompilerThread1" daemon [_thread_in_native, id=6128, stack(0x0000000024070000,0x0000000024170000)]
=>0x00000000229c2800 JavaThread "C2 CompilerThread0" daemon [_thread_in_native, id=21848, stack(0x0000000023f70000,0x0000000024070000)]
  0x00000000229a9000 JavaThread "Monitor Ctrl-Break" daemon [_thread_in_native, id=41776, stack(0x0000000023e70000,0x0000000023f70000)]
  0x0000000022930000 JavaThread "Attach Listener" daemon [_thread_blocked, id=28224, stack(0x0000000023d70000,0x0000000023e70000)]
  0x000000002292f000 JavaThread "Signal Dispatcher" daemon [_thread_blocked, id=21548, stack(0x0000000023c70000,0x0000000023d70000)]
  0x0000000002a8b000 JavaThread "Finalizer" daemon [_thread_blocked, id=25060, stack(0x0000000023b70000,0x0000000023c70000)]
  0x0000000002a8a000 JavaThread "Reference Handler" daemon [_thread_blocked, id=20968, stack(0x0000000023a70000,0x0000000023b70000)]
  0x0000000002992800 JavaThread "main" [_thread_in_Java, id=41328, stack(0x00000000026e0000,0x00000000027e0000)]

Other Threads:
  0x0000000021216000 VMThread [stack: 0x0000000023970000,0x0000000023a70000] [id=32716]
  0x0000000022ad3800 WatcherThread [stack: 0x0000000024470000,0x0000000024570000] [id=15748]

VM state:not at safepoint (normal execution)

VM Mutex/Monitor currently owned by a thread: None

Heap:
 PSYoungGen      total 1137152K, used 505011K [0x0000000740700000, 0x000000079b900000, 0x00000007c0000000)
  eden space 1080832K, 43% used [0x0000000740700000,0x000000075d2c8410,0x0000000782680000)
  from space 56320K, 60% used [0x0000000782680000,0x00000007847e4868,0x0000000785d80000)
  to   space 57344K, 0% used [0x0000000798100000,0x0000000798100000,0x000000079b900000)
 ParOldGen       total 269312K, used 166659K [0x0000000641400000, 0x0000000651b00000, 0x0000000740700000)
  object space 269312K, 61% used [0x0000000641400000,0x000000064b6c0f60,0x0000000651b00000)
 Metaspace       used 40655K, capacity 41740K, committed 41984K, reserved 1087488K
  class space    used 4487K, capacity 4782K, committed 4864K, reserved 1048576K

Card table byte_map: [0x0000000011e50000,0x0000000012a50000] byte_map_base: 0x000000000ec46000

Marking Bits: (ParMarkBitMap*) 0x00000000614df860
 Begin Bits: [0x0000000013c50000, 0x0000000019c00000)
 End Bits:   [0x0000000019c00000, 0x000000001fbb0000)

Polling page: 0x00000000001f0000

CodeCache: size=245760Kb used=41074Kb max_used=41074Kb free=204686Kb
 bounds [0x0000000002a90000, 0x00000000052e0000, 0x0000000011a90000]
 total_blobs=9585 nmethods=9076 adapters=420
 compilation: enabled

Compilation events (10 events):
Event: 89.751 Thread 0x00000000229cc000 nmethod 11906 0x00000000052b4710 code [0x00000000052b4880, 0x00000000052b4b68]
Event: 89.755 Thread 0x00000000229cc000 11907       3       com.sun.tools.javac.comp.Flow$AssignAnalyzer::visitAssign (35 bytes)
Event: 89.757 Thread 0x00000000229cc000 nmethod 11907 0x00000000052c6ed0 code [0x00000000052c7140, 0x00000000052c81a8]
Event: 89.757 Thread 0x00000000229cc000 11908       3       com.sun.tools.javac.comp.Flow$AssignAnalyzer::isIdentOrThisDotIdent (71 bytes)
Event: 89.758 Thread 0x00000000229cc000 nmethod 11908 0x00000000052d0710 code [0x00000000052d0900, 0x00000000052d13c8]
Event: 89.761 Thread 0x00000000229cc000 11909       3       com.sun.tools.javac.comp.TransTypes::visitAssign (75 bytes)
Event: 89.763 Thread 0x00000000229cc000 nmethod 11909 0x00000000052d3750 code [0x00000000052d3a00, 0x00000000052d50e8]
Event: 89.763 Thread 0x00000000229cc000 11910       3       com.sun.tools.javac.comp.Lower::visitAssign (91 bytes)
Event: 89.764 Thread 0x00000000229cc000 nmethod 11910 0x00000000052cf250 code [0x00000000052cf480, 0x00000000052d0188]
Event: 89.768 Thread 0x00000000229cc000 11912       3       com.sun.tools.javac.code.Types$7::visitUndetVar (10 bytes)

GC Heap History (10 events):
Event: 76.027 GC heap before
{Heap before GC invocations=17 (full 2):
 PSYoungGen      total 669696K, used 614962K [0x0000000740700000, 0x000000076f600000, 0x00000007c0000000)
  eden space 610816K, 100% used [0x0000000740700000,0x0000000765b80000,0x0000000765b80000)
  from space 58880K, 7% used [0x0000000769680000,0x0000000769a8c8e8,0x000000076d000000)
  to   space 60416K, 0% used [0x0000000765b80000,0x0000000765b80000,0x0000000769680000)
 ParOldGen       total 269312K, used 123868K [0x0000000641400000, 0x0000000651b00000, 0x0000000740700000)
  object space 269312K, 45% used [0x0000000641400000,0x0000000648cf7130,0x0000000651b00000)
 Metaspace       used 40375K, capacity 41470K, committed 41728K, reserved 1085440K
  class space    used 4473K, capacity 4778K, committed 4864K, reserved 1048576K
Event: 76.067 GC heap after
Heap after GC invocations=17 (full 2):
 PSYoungGen      total 671232K, used 7152K [0x0000000740700000, 0x000000077b180000, 0x00000007c0000000)
  eden space 610816K, 0% used [0x0000000740700000,0x0000000740700000,0x0000000765b80000)
  from space 60416K, 11% used [0x0000000765b80000,0x000000076627c100,0x0000000769680000)
  to   space 60416K, 0% used [0x0000000777680000,0x0000000777680000,0x000000077b180000)
 ParOldGen       total 269312K, used 127292K [0x0000000641400000, 0x0000000651b00000, 0x0000000740700000)
  object space 269312K, 47% used [0x0000000641400000,0x000000064904f3c0,0x0000000651b00000)
 Metaspace       used 40375K, capacity 41470K, committed 41728K, reserved 1085440K
  class space    used 4473K, capacity 4778K, committed 4864K, reserved 1048576K
}
Event: 76.989 GC heap before
{Heap before GC invocations=18 (full 2):
 PSYoungGen      total 671232K, used 617968K [0x0000000740700000, 0x000000077b180000, 0x00000007c0000000)
  eden space 610816K, 100% used [0x0000000740700000,0x0000000765b80000,0x0000000765b80000)
  from space 60416K, 11% used [0x0000000765b80000,0x000000076627c100,0x0000000769680000)
  to   space 60416K, 0% used [0x0000000777680000,0x0000000777680000,0x000000077b180000)
 ParOldGen       total 269312K, used 127292K [0x0000000641400000, 0x0000000651b00000, 0x0000000740700000)
  object space 269312K, 47% used [0x0000000641400000,0x000000064904f3c0,0x0000000651b00000)
 Metaspace       used 40422K, capacity 41540K, committed 41728K, reserved 1085440K
  class space    used 4477K, capacity 4779K, committed 4864K, reserved 1048576K
Event: 77.012 GC heap after
Heap after GC invocations=18 (full 2):
 PSYoungGen      total 901120K, used 9328K [0x0000000740700000, 0x000000077bd80000, 0x00000007c0000000)
  eden space 840704K, 0% used [0x0000000740700000,0x0000000740700000,0x0000000773c00000)
  from space 60416K, 15% used [0x0000000777680000,0x0000000777f9c1d0,0x000000077b180000)
  to   space 59904K, 0% used [0x0000000773c00000,0x0000000773c00000,0x0000000777680000)
 ParOldGen       total 269312K, used 133618K [0x0000000641400000, 0x0000000651b00000, 0x0000000740700000)
  object space 269312K, 49% used [0x0000000641400000,0x000000064967c970,0x0000000651b00000)
 Metaspace       used 40422K, capacity 41540K, committed 41728K, reserved 1085440K
  class space    used 4477K, capacity 4779K, committed 4864K, reserved 1048576K
}
Event: 78.304 GC heap before
{Heap before GC invocations=19 (full 2):
 PSYoungGen      total 901120K, used 850032K [0x0000000740700000, 0x000000077bd80000, 0x00000007c0000000)
  eden space 840704K, 100% used [0x0000000740700000,0x0000000773c00000,0x0000000773c00000)
  from space 60416K, 15% used [0x0000000777680000,0x0000000777f9c1d0,0x000000077b180000)
  to   space 59904K, 0% used [0x0000000773c00000,0x0000000773c00000,0x0000000777680000)
 ParOldGen       total 269312K, used 133618K [0x0000000641400000, 0x0000000651b00000, 0x0000000740700000)
  object space 269312K, 49% used [0x0000000641400000,0x000000064967c970,0x0000000651b00000)
 Metaspace       used 40465K, capacity 41546K, committed 41728K, reserved 1085440K
  class space    used 4477K, capacity 4780K, committed 4864K, reserved 1048576K
Event: 78.349 GC heap after
Heap after GC invocations=19 (full 2):
 PSYoungGen      total 900608K, used 14000K [0x0000000740700000, 0x0000000789600000, 0x00000007c0000000)
  eden space 840704K, 0% used [0x0000000740700000,0x0000000740700000,0x0000000773c00000)
  from space 59904K, 23% used [0x0000000773c00000,0x00000007749ac240,0x0000000777680000)
  to   space 57856K, 0% used [0x0000000785d80000,0x0000000785d80000,0x0000000789600000)
 ParOldGen       total 269312K, used 141515K [0x0000000641400000, 0x0000000651b00000, 0x0000000740700000)
  object space 269312K, 52% used [0x0000000641400000,0x0000000649e32de0,0x0000000651b00000)
 Metaspace       used 40465K, capacity 41546K, committed 41728K, reserved 1085440K
  class space    used 4477K, capacity 4780K, committed 4864K, reserved 1048576K
}
Event: 79.829 GC heap before
{Heap before GC invocations=20 (full 2):
 PSYoungGen      total 900608K, used 854704K [0x0000000740700000, 0x0000000789600000, 0x00000007c0000000)
  eden space 840704K, 100% used [0x0000000740700000,0x0000000773c00000,0x0000000773c00000)
  from space 59904K, 23% used [0x0000000773c00000,0x00000007749ac240,0x0000000777680000)
  to   space 57856K, 0% used [0x0000000785d80000,0x0000000785d80000,0x0000000789600000)
 ParOldGen       total 269312K, used 141515K [0x0000000641400000, 0x0000000651b00000, 0x0000000740700000)
  object space 269312K, 52% used [0x0000000641400000,0x0000000649e32de0,0x0000000651b00000)
 Metaspace       used 40500K, capacity 41610K, committed 41984K, reserved 1087488K
  class space    used 4477K, capacity 4780K, committed 4864K, reserved 1048576K
Event: 79.870 GC heap after
Heap after GC invocations=20 (full 2):
 PSYoungGen      total 1138688K, used 11792K [0x0000000740700000, 0x0000000789800000, 0x00000007c0000000)
  eden space 1080832K, 0% used [0x0000000740700000,0x0000000740700000,0x0000000782680000)
  from space 57856K, 20% used [0x0000000785d80000,0x0000000786904230,0x0000000789600000)
  to   space 56320K, 0% used [0x0000000782680000,0x0000000782680000,0x0000000785d80000)
 ParOldGen       total 269312K, used 155245K [0x0000000641400000, 0x0000000651b00000, 0x0000000740700000)
  object space 269312K, 57% used [0x0000000641400000,0x000000064ab9b6b0,0x0000000651b00000)
 Metaspace       used 40500K, capacity 41610K, committed 41984K, reserved 1087488K
  class space    used 4477K, capacity 4780K, committed 4864K, reserved 1048576K
}
Event: 86.314 GC heap before
{Heap before GC invocations=21 (full 2):
 PSYoungGen      total 1138688K, used 1092624K [0x0000000740700000, 0x0000000789800000, 0x00000007c0000000)
  eden space 1080832K, 100% used [0x0000000740700000,0x0000000782680000,0x0000000782680000)
  from space 57856K, 20% used [0x0000000785d80000,0x0000000786904230,0x0000000789600000)
  to   space 56320K, 0% used [0x0000000782680000,0x0000000782680000,0x0000000785d80000)
 ParOldGen       total 269312K, used 155245K [0x0000000641400000, 0x0000000651b00000, 0x0000000740700000)
  object space 269312K, 57% used [0x0000000641400000,0x000000064ab9b6b0,0x0000000651b00000)
 Metaspace       used 40522K, capacity 41612K, committed 41984K, reserved 1087488K
  class space    used 4479K, capacity 4782K, committed 4864K, reserved 1048576K
Event: 86.365 GC heap after
Heap after GC invocations=21 (full 2):
 PSYoungGen      total 1137152K, used 34194K [0x0000000740700000, 0x000000079b900000, 0x00000007c0000000)
  eden space 1080832K, 0% used [0x0000000740700000,0x0000000740700000,0x0000000782680000)
  from space 56320K, 60% used [0x0000000782680000,0x00000007847e4868,0x0000000785d80000)
  to   space 57344K, 0% used [0x0000000798100000,0x0000000798100000,0x000000079b900000)
 ParOldGen       total 269312K, used 166659K [0x0000000641400000, 0x0000000651b00000, 0x0000000740700000)
  object space 269312K, 61% used [0x0000000641400000,0x000000064b6c0f60,0x0000000651b00000)
 Metaspace       used 40522K, capacity 41612K, committed 41984K, reserved 1087488K
  class space    used 4479K, capacity 4782K, committed 4864K, reserved 1048576K
}

Deoptimization events (10 events):
Event: 88.857 Thread 0x0000000002992800 Uncommon trap: reason=bimorphic action=maybe_recompile pc=0x0000000003a8332c method=com.sun.tools.javac.tree.JCTree$JCUnary.accept(Lcom/sun/tools/javac/tree/JCTree$Visitor;)V @ 2
Event: 88.857 Thread 0x0000000002992800 Uncommon trap: reason=bimorphic action=maybe_recompile pc=0x0000000003197b3c method=com.sun.tools.javac.tree.TreeScanner.visitConditional(Lcom/sun/tools/javac/tree/JCTree$JCConditional;)V @ 5
Event: 88.857 Thread 0x0000000002992800 Uncommon trap: reason=bimorphic action=maybe_recompile pc=0x0000000003a8332c method=com.sun.tools.javac.tree.JCTree$JCUnary.accept(Lcom/sun/tools/javac/tree/JCTree$Visitor;)V @ 2
Event: 88.857 Thread 0x0000000002992800 Uncommon trap: reason=bimorphic action=maybe_recompile pc=0x0000000003197b3c method=com.sun.tools.javac.tree.TreeScanner.visitConditional(Lcom/sun/tools/javac/tree/JCTree$JCConditional;)V @ 5
Event: 88.857 Thread 0x0000000002992800 Uncommon trap: reason=bimorphic action=maybe_recompile pc=0x0000000003197b3c method=com.sun.tools.javac.tree.TreeScanner.visitConditional(Lcom/sun/tools/javac/tree/JCTree$JCConditional;)V @ 5
Event: 88.867 Thread 0x0000000002992800 Uncommon trap: reason=class_check action=maybe_recompile pc=0x000000000499fec4 method=com.sun.tools.javac.jvm.Gen.setTypeAnnotationPositions(I)V @ 275
Event: 88.867 Thread 0x0000000002992800 Uncommon trap: reason=class_check action=maybe_recompile pc=0x000000000499fec4 method=com.sun.tools.javac.jvm.Gen.setTypeAnnotationPositions(I)V @ 275
Event: 88.940 Thread 0x0000000002992800 Uncommon trap: reason=class_check action=maybe_recompile pc=0x000000000499fec4 method=com.sun.tools.javac.jvm.Gen.setTypeAnnotationPositions(I)V @ 275
Event: 88.940 Thread 0x0000000002992800 Uncommon trap: reason=class_check action=maybe_recompile pc=0x000000000499fec4 method=com.sun.tools.javac.jvm.Gen.setTypeAnnotationPositions(I)V @ 275
Event: 89.695 Thread 0x0000000002992800 Uncommon trap: reason=unstable_if action=reinterpret pc=0x000000000520407c method=com.sun.tools.javac.jvm.Pool.put(Ljava/lang/Object;)I @ 87

Classes redefined (0 events):
No events

Internal exceptions (10 events):
Event: 47.799 Thread 0x0000000002992800 Exception <a 'java/io/FileNotFoundException'> (0x000000074cb46298) thrown at [C:\re\workspace\8-2-build-windows-amd64-cygwin\jdk8u161\10277\hotspot\src\share\vm\prims\jni.cpp, line 709]
Event: 47.800 Thread 0x0000000002992800 Exception <a 'java/io/FileNotFoundException'> (0x000000074cb477e8) thrown at [C:\re\workspace\8-2-build-windows-amd64-cygwin\jdk8u161\10277\hotspot\src\share\vm\prims\jni.cpp, line 709]
Event: 51.641 Thread 0x0000000002992800 Exception <a 'java/lang/NoSuchMethodError': org.apache.maven.execution.MavenExecutionRequest.getFailureBehavior()Ljava/lang/String;> (0x000000074bf86010) thrown at [C:\re\workspace\8-2-build-windows-amd64-cygwin\jdk8u161\10277\hotspot\src\share\vm\interpr
Event: 52.878 Thread 0x0000000026afc000 Exception <a 'java/lang/NoSuchFieldError': method resolution failed> (0x000000074fd9cdc0) thrown at [C:\re\workspace\8-2-build-windows-amd64-cygwin\jdk8u161\10277\hotspot\src\share\vm\prims\methodHandles.cpp, line 1167]
Event: 52.879 Thread 0x0000000026afc000 Exception <a 'java/lang/NoSuchFieldError': method resolution failed> (0x000000074fdab4c0) thrown at [C:\re\workspace\8-2-build-windows-amd64-cygwin\jdk8u161\10277\hotspot\src\share\vm\prims\methodHandles.cpp, line 1167]
Event: 54.173 Thread 0x0000000026afd800 Implicit null exception at 0x0000000003fd1856 to 0x0000000003fd1af5
Event: 54.173 Thread 0x0000000026afd800 Implicit null exception at 0x00000000047ead3e to 0x00000000047ebcc6
Event: 54.173 Thread 0x0000000026afd800 Implicit null exception at 0x0000000004063e64 to 0x000000000406415f
Event: 68.559 Thread 0x0000000002992800 Exception <a 'java/io/FileNotFoundException'> (0x0000000749ea0718) thrown at [C:\re\workspace\8-2-build-windows-amd64-cygwin\jdk8u161\10277\hotspot\src\share\vm\prims\jni.cpp, line 709]
Event: 68.560 Thread 0x0000000002992800 Exception <a 'java/io/FileNotFoundException'> (0x0000000749ea1c68) thrown at [C:\re\workspace\8-2-build-windows-amd64-cygwin\jdk8u161\10277\hotspot\src\share\vm\prims\jni.cpp, line 709]

Events (10 events):
Event: 88.940 Thread 0x0000000002992800 DEOPT PACKING pc=0x000000000499fec4 sp=0x00000000027dd230
Event: 88.940 Thread 0x0000000002992800 DEOPT UNPACKING pc=0x0000000002ad583b sp=0x00000000027dd1e0 mode 2
Event: 88.940 Thread 0x0000000002992800 Uncommon trap: trap_request=0xffffffde fr.pc=0x000000000499fec4
Event: 88.940 Thread 0x0000000002992800 DEOPT PACKING pc=0x000000000499fec4 sp=0x00000000027dd230
Event: 88.940 Thread 0x0000000002992800 DEOPT UNPACKING pc=0x0000000002ad583b sp=0x00000000027dd1e0 mode 2
Event: 89.125 Executing VM operation: ForceSafepoint
Event: 89.136 Executing VM operation: ForceSafepoint done
Event: 89.695 Thread 0x0000000002992800 Uncommon trap: trap_request=0xffffff65 fr.pc=0x000000000520407c
Event: 89.695 Thread 0x0000000002992800 DEOPT PACKING pc=0x000000000520407c sp=0x00000000027dcd00
Event: 89.695 Thread 0x0000000002992800 DEOPT UNPACKING pc=0x0000000002ad583b sp=0x00000000027dcd10 mode 2


Dynamic libraries:
0x00007ff75bd20000 - 0x00007ff75bd57000 	D:\Java\jdk1.8.0_161\bin\java.exe
0x00007ff8b4420000 - 0x00007ff8b4610000 	C:\Windows\SYSTEM32\ntdll.dll
0x00007ff8b3f60000 - 0x00007ff8b4012000 	C:\Windows\System32\KERNEL32.DLL
0x00007ff8b1fd0000 - 0x00007ff8b2275000 	C:\Windows\System32\KERNELBASE.dll
0x00007ff8b3a20000 - 0x00007ff8b3ac3000 	C:\Windows\System32\ADVAPI32.dll
0x00007ff8b3970000 - 0x00007ff8b3a0e000 	C:\Windows\System32\msvcrt.dll
0x00007ff8b26d0000 - 0x00007ff8b2767000 	C:\Windows\System32\sechost.dll
0x00007ff8b4050000 - 0x00007ff8b416f000 	C:\Windows\System32\RPCRT4.dll
0x00007ff8b2530000 - 0x00007ff8b26c4000 	C:\Windows\System32\USER32.dll
0x00007ff8b2420000 - 0x00007ff8b2441000 	C:\Windows\System32\win32u.dll
0x00007ff8b4020000 - 0x00007ff8b4046000 	C:\Windows\System32\GDI32.dll
0x00007ff8b2280000 - 0x00007ff8b2418000 	C:\Windows\System32\gdi32full.dll
0x00007ff8b14a0000 - 0x00007ff8b153e000 	C:\Windows\System32\msvcp_win.dll
0x00007ff8b1e20000 - 0x00007ff8b1f1a000 	C:\Windows\System32\ucrtbase.dll
0x00007ff89f8d0000 - 0x00007ff89fb54000 	C:\Windows\WinSxS\amd64_microsoft.windows.common-controls_6595b64144ccf1df_6.0.18362.1556_none_9e7e372fe45e41d5\COMCTL32.dll
0x00007ff8b2990000 - 0x00007ff8b2cc6000 	C:\Windows\System32\combase.dll
0x00007ff8b1f40000 - 0x00007ff8b1fc1000 	C:\Windows\System32\bcryptPrimitives.dll
0x00007ff8b3160000 - 0x00007ff8b318e000 	C:\Windows\System32\IMM32.DLL
0x0000000062c80000 - 0x0000000062d52000 	D:\Java\jdk1.8.0_161\jre\bin\msvcr100.dll
0x0000000060cc0000 - 0x000000006155f000 	D:\Java\jdk1.8.0_161\jre\bin\server\jvm.dll
0x00007ff8b3ad0000 - 0x00007ff8b3ad8000 	C:\Windows\System32\PSAPI.DLL
0x00007ff897f60000 - 0x00007ff897f69000 	C:\Windows\SYSTEM32\WSOCK32.dll
0x00007ff8adc20000 - 0x00007ff8adc44000 	C:\Windows\SYSTEM32\WINMM.dll
0x00007ff8b30f0000 - 0x00007ff8b315f000 	C:\Windows\System32\WS2_32.dll
0x00007ff8adbf0000 - 0x00007ff8adc1d000 	C:\Windows\SYSTEM32\winmmbase.dll
0x00007ff8aa3e0000 - 0x00007ff8aa3ea000 	C:\Windows\SYSTEM32\VERSION.dll
0x00007ff8b2450000 - 0x00007ff8b249a000 	C:\Windows\System32\cfgmgr32.dll
0x0000000062c70000 - 0x0000000062c7f000 	D:\Java\jdk1.8.0_161\jre\bin\verify.dll
0x0000000062c40000 - 0x0000000062c69000 	D:\Java\jdk1.8.0_161\jre\bin\java.dll
0x0000000062c10000 - 0x0000000062c33000 	D:\Java\jdk1.8.0_161\jre\bin\instrument.dll
0x0000000062bf0000 - 0x0000000062c06000 	D:\Java\jdk1.8.0_161\jre\bin\zip.dll
0x00007ff8b3190000 - 0x00007ff8b3877000 	C:\Windows\System32\SHELL32.dll
0x00007ff8b2cd0000 - 0x00007ff8b2d78000 	C:\Windows\System32\shcore.dll
0x00007ff8b1540000 - 0x00007ff8b1cbb000 	C:\Windows\System32\windows.storage.dll
0x00007ff8b1370000 - 0x00007ff8b138e000 	C:\Windows\System32\profapi.dll
0x00007ff8b12e0000 - 0x00007ff8b132a000 	C:\Windows\System32\powrprof.dll
0x00007ff8b12d0000 - 0x00007ff8b12e0000 	C:\Windows\System32\UMPDC.dll
0x00007ff8b2d80000 - 0x00007ff8b2dd2000 	C:\Windows\System32\shlwapi.dll
0x00007ff8b1330000 - 0x00007ff8b1341000 	C:\Windows\System32\kernel.appcore.dll
0x00007ff8b1f20000 - 0x00007ff8b1f37000 	C:\Windows\System32\cryptsp.dll
0x00007ff891cc0000 - 0x00007ff891cda000 	D:\JetBrains\IntelliJ IDEA 2021.2.3\bin\breakgen64.dll
0x0000000062bd0000 - 0x0000000062bea000 	D:\Java\jdk1.8.0_161\jre\bin\net.dll
0x00007ff8b0b10000 - 0x00007ff8b0b77000 	C:\Windows\system32\mswsock.dll
0x00007ff8b0690000 - 0x00007ff8b06c3000 	C:\Windows\system32\rsaenh.dll
0x00007ff8b24a0000 - 0x00007ff8b24c6000 	C:\Windows\System32\bcrypt.dll
0x00007ff8b11f0000 - 0x00007ff8b1215000 	C:\Windows\SYSTEM32\USERENV.dll
0x00007ff8b0ce0000 - 0x00007ff8b0cec000 	C:\Windows\SYSTEM32\CRYPTBASE.dll
0x00007ff8b0820000 - 0x00007ff8b085a000 	C:\Windows\SYSTEM32\IPHLPAPI.DLL
0x00007ff8b3f50000 - 0x00007ff8b3f58000 	C:\Windows\System32\NSI.dll
0x00007ff8a9460000 - 0x00007ff8a9476000 	C:\Windows\SYSTEM32\dhcpcsvc6.DLL
0x00007ff8a9300000 - 0x00007ff8a931c000 	C:\Windows\SYSTEM32\dhcpcsvc.DLL
0x00007ff8b0860000 - 0x00007ff8b092b000 	C:\Windows\SYSTEM32\DNSAPI.dll
0x0000000062bb0000 - 0x0000000062bc1000 	D:\Java\jdk1.8.0_161\jre\bin\nio.dll
0x00007ff897f50000 - 0x00007ff897f5a000 	C:\Users\97437\AppData\Local\Temp\jansi-1.17.1-2589967357607561293.dll
0x00007ff897e80000 - 0x00007ff897e8a000 	C:\Users\97437\AppData\Local\Temp\jansi-1.17.1-8321277766826640888.dll
0x0000000062ba0000 - 0x0000000062bad000 	D:\Java\jdk1.8.0_161\jre\bin\management.dll
0x00007ff894350000 - 0x00007ff89437d000 	C:\Program Files (x86)\Sangfor\SSL\ClientComponent\1_SangforNspX64.dll
0x00007ff8b2f90000 - 0x00007ff8b30e7000 	C:\Windows\System32\ole32.dll
0x00007ff8b38a0000 - 0x00007ff8b3965000 	C:\Windows\System32\OLEAUT32.dll
0x00007ff896050000 - 0x00007ff896066000 	C:\Windows\system32\napinsp.dll
0x00007ff8983f0000 - 0x00007ff89840a000 	C:\Windows\system32\pnrpnsp.dll
0x00007ff8963b0000 - 0x00007ff8963be000 	C:\Windows\System32\winrnr.dll
0x00007ff8ad780000 - 0x00007ff8ad79c000 	C:\Windows\system32\NLAapi.dll
0x00007ff8acb70000 - 0x00007ff8acb85000 	C:\Windows\system32\wshbth.dll
0x00000000629f0000 - 0x0000000062a16000 	C:\Program Files\Bonjour\mdnsNSP.dll
0x00007ff89f2a0000 - 0x00007ff89f41a000 	C:\Program Files (x86)\Sangfor\SSL\ClientComponent\SangforTcpX64.dll
0x00007ff8b1390000 - 0x00007ff8b13ec000 	C:\Windows\System32\WINTRUST.dll
0x00007ff8b1350000 - 0x00007ff8b1362000 	C:\Windows\System32\MSASN1.dll
0x00007ff8b1cc0000 - 0x00007ff8b1e11000 	C:\Windows\System32\CRYPT32.dll
0x00007ff8a6720000 - 0x00007ff8a672a000 	C:\Windows\System32\rasadhlp.dll
0x00007ff8a8a00000 - 0x00007ff8a8a77000 	C:\Windows\System32\fwpuclnt.dll
0x0000000062b70000 - 0x0000000062b94000 	D:\Java\jdk1.8.0_161\jre\bin\sunec.dll
0x0000000062b60000 - 0x0000000062b6b000 	D:\Java\jdk1.8.0_161\jre\bin\sunmscapi.dll

VM Arguments:
jvm_args: -Dmaven.multiModuleProjectDirectory=F:\admin\wooshop -Dmaven.home=D:\apache-maven-3.6.3 -Dclassworlds.conf=D:\apache-maven-3.6.3\bin\m2.conf -Dmaven.ext.class.path=D:\JetBrains\IntelliJ IDEA 2021.2.3\plugins\maven\lib\maven-event-listener.jar -javaagent:D:\JetBrains\IntelliJ IDEA 2021.2.3\lib\idea_rt.jar=49788:D:\JetBrains\IntelliJ IDEA 2021.2.3\bin -Dfile.encoding=UTF-8 
java_command: org.codehaus.classworlds.Launcher -Didea.version=2021.2.3 -s D:\apache-maven-3.6.3\conf\settings.xml install
java_class_path (initial): D:\apache-maven-3.6.3\boot\plexus-classworlds-2.6.0.jar;D:\apache-maven-3.6.3\boot\plexus-classworlds.license;D:\JetBrains\IntelliJ IDEA 2021.2.3\lib\idea_rt.jar
Launcher Type: SUN_STANDARD

Environment Variables:
JAVA_HOME=D:\Java\jdk1.8.0_161
CLASSPATH=.;D:\Java\jdk1.8.0_161\lib\dt.jar;D:\Java\jdk1.8.0_161\lib\tools.jar;D:\Java\jdk1.8.0_161\lib;
PATH=D:\Python27\;D:\Python27\Scripts;C:\ProgramData\Oracle\Java\javapath;D:\app\97437\product\11.2.0\dbhome_1\bin;C:\Program Files (x86)\Common Files\NetSarang;C:\Windows\system32;C:\Windows;C:\Windows\System32\Wbem;C:\Windows\System32\WindowsPowerShell\v1.0\;C:\Windows\System32\OpenSSH\;C:\Program Files (x86)\Intel\Intel(R) Management Engine Components\DAL;C:\Program Files\Intel\Intel(R) Management Engine Components\DAL;C:\Program Files (x86)\NVIDIA Corporation\PhysX\Common;C:\Program Files\NVIDIA Corporation\NVIDIA NvDLISR;C:\Program Files\Intel\WiFi\bin\;C:\Program Files\Common Files\Intel\WirelessCommon\;"D:\Java\jdk1.8.0_161\bin;D:\Java\jdk1.8.0_161\jre\bin;";F:\java安装软件\apache-tomcat-7.0.73-windows-x64\apache-tomcat-7.0.73-windows-x64\apache-tomcat-7.0.73\bin;F:\java安装软件\apache-tomcat-7.0.73-windows-x64\apache-tomcat-7.0.73-windows-x64\apache-tomcat-7.0.73\lib;D:\MySQL\mysql-5.7.31-winx64\bin;D:\apache-maven-3.6.3\bin;D:\apache-maven-3.6.3\bin;D:\nodejs\;C:\ProgramData\chocolatey\bin;D:\Git;D:\TortoiseGit\bin;D:\Git\bin;d:\Git\cmd;D:\TortoiseSVN\bin;D:\erl-23.0\bin;D:\RabbitMQ Server\rabbitmq_server-3.8.6\sbin;F:\javaProject\zikao\chromedriver_win32;E:\Tesseract-OCR;;D:\Tencent\微信web开发者工具\dll;C:\Users\97437\AppData\Local\Microsoft\WindowsApps;D:\Java\jdk1.8.0_161\bin;d:\Bandizip\;D:\JetBrains\IntelliJ IDEA 2021.2.3\bin;;D:\anaconda3;D:\anaconda3\Scripts;D:\anaconda3\Library\bin;C:\Users\97437\AppData\Roaming\npm;E:\nodejs\node_global;
USERNAME=97437
OS=Windows_NT
PROCESSOR_IDENTIFIER=Intel64 Family 6 Model 158 Stepping 10, GenuineIntel



---------------  S Y S T E M  ---------------

OS: Windows 10.0 , 64 bit Build 18362 (10.0.18362.1500)

CPU:total 12 (initial active 12) (6 cores per cpu, 2 threads per core) family 6 model 158 stepping 10, cmov, cx8, fxsr, mmx, sse, sse2, sse3, ssse3, sse4.1, sse4.2, popcnt, avx, avx2, aes, clmul, erms, 3dnowpref, lzcnt, ht, tsc, tscinvbit, bmi1, bmi2, adx

Memory: 4k page, physical 25083124k(580896k free), swap 51638128k(3636k free)

vm_info: Java HotSpot(TM) 64-Bit Server VM (25.161-b12) for windows-amd64 JRE (1.8.0_161-b12), built on Dec 19 2017 17:52:25 by "java_re" with MS VC++ 10.0 (VS2010)

time: Thu Jun 09 11:11:16 2022
elapsed time: 89 seconds (0d 0h 1m 29s)

